#
# An unexpected error has been detected by Java Runtime Environment:
#
#  Internal Error (53414645504F494E540E43505000ED), pid=30921, tid=1884597168
#
# Java VM: Java HotSpot(TM) Server VM (1.6.0_03-b05 mixed mode)
# If you would like to submit a bug report, please visit:
#   http://java.sun.com/webapps/bugreport/crash.jsp
#

---------------  T H R E A D  ---------------

Current thread (0x08119c00):  VMThread [id=30925]

Stack: [0x704cb000,0x7054b000),  sp=0x7054a090,  free space=508k
Native frames: (J=compiled Java code, j=interpreted, Vv=VM code, C=native code)
V  [libjvm.so+0x53b9a7]
V  [libjvm.so+0x225fdf]
V  [libjvm.so+0x4aabf0]
V  [libjvm.so+0x54e54c]
V  [libjvm.so+0x54e13f]
V  [libjvm.so+0x4532a9]
C  [libpthread.so.0+0x50bd]

VM_Operation (0x7028a360): enable-biased-locking, mode: safepoint, requested by thread 0x08135400


---------------  P R O C E S S  ---------------

Java Threads: ( => current thread )
  0x08133c00 JavaThread "Low Memory Detector" daemon [_thread_blocked, id=30931]
  0x08132000 JavaThread "CompilerThread1" daemon [_thread_blocked, id=30930]
  0x08130c00 JavaThread "CompilerThread0" daemon [_thread_blocked, id=30929]
  0x0812f800 JavaThread "Signal Dispatcher" daemon [_thread_blocked, id=30928]
  0x08120400 JavaThread "Finalizer" daemon [_thread_blocked, id=30927]
  0x0811c800 JavaThread "Reference Handler" daemon [_thread_blocked, id=30926]
  0x08058800 JavaThread "main" [_thread_in_Java, id=30922]

Other Threads:
=>0x08119c00 VMThread [id=30925]
  0x08135400 WatcherThread [id=30932]

VM state:synchronizing (normal execution)

VM Mutex/Monitor currently owned by a thread:  ([mutex/lock_event])
[0x08056008/0x08056030] Safepoint_lock - owner thread: 0x08119c00
[0x08056088/0x080560b0] Threads_lock - owner thread: 0x08119c00

Heap
 PSYoungGen      total 25152K, used 431K [0xada40000, 0xaf650000, 0xb4c00000)
  eden space 21568K, 2% used [0xada40000,0xadaabd80,0xaef50000)
  from space 3584K, 0% used [0xaf2d0000,0xaf2d0000,0xaf650000)
  to   space 3584K, 0% used [0xaef50000,0xaef50000,0xaf2d0000)
 PSOldGen        total 230208K, used 0K [0x74c00000, 0x82cd0000, 0xada40000)
  object space 230208K, 0% used [0x74c00000,0x74c00000,0x82cd0000)
 PSPermGen       total 16384K, used 1624K [0x70c00000, 0x71c00000, 0x74c00000)
  object space 16384K, 9% used [0x70c00000,0x70d962a8,0x71c00000)

Dynamic libraries:
06000000-065a0000 r-xp 00000000 00:1a 12944361   /local/java/jre/lib/i386/server/libjvm.so
065a0000-065db000 rwxp 005a0000 00:1a 12944361   /local/java/jre/lib/i386/server/libjvm.so
065db000-069fc000 rwxp 065db000 00:00 0 
08048000-08052000 r-xp 00000000 00:1a 12993019   /local/java/bin/java
08052000-08053000 rwxp 00009000 00:1a 12993019   /local/java/bin/java
08053000-0818f000 rwxp 08053000 00:00 0          [heap]
7020b000-7020c000 ---p 7020b000 00:00 0 
7020c000-7028b000 rwxp 7020c000 00:00 0 
7028b000-7028e000 ---p 7028b000 00:00 0 
7028e000-702db000 rwxp 7028e000 00:00 0 
702db000-702de000 ---p 702db000 00:00 0 
702de000-7035b000 rwxp 702de000 00:00 0 
7035b000-7035e000 ---p 7035b000 00:00 0 
7035e000-703db000 rwxp 7035e000 00:00 0 
703db000-703de000 ---p 703db000 00:00 0 
703de000-7042b000 rwxp 703de000 00:00 0 
7042b000-7042e000 ---p 7042b000 00:00 0 
7042e000-7047b000 rwxp 7042e000 00:00 0 
7047b000-7047e000 ---p 7047b000 00:00 0 
7047e000-704cb000 rwxp 7047e000 00:00 0 
704cb000-704cc000 ---p 704cb000 00:00 0 
704cc000-7057b000 rwxp 704cc000 00:00 0 
7057b000-706f7000 r-xs 02c8f000 00:1a 12944455   /local/java/jre/lib/rt.jar
706f7000-706f8000 ---p 706f7000 00:00 0 
706f8000-70777000 rwxp 706f8000 00:00 0 
70777000-70778000 ---p 70777000 00:00 0 
70778000-707ff000 rwxp 70778000 00:00 0 
707ff000-70817000 rwxp 707ff000 00:00 0 
70817000-70888000 rwxp 70817000 00:00 0 
70888000-709df000 rwxp 70888000 00:00 0 
709df000-709e7000 rwxp 709df000 00:00 0 
709e7000-709ff000 rwxp 709e7000 00:00 0 
709ff000-70a70000 rwxp 709ff000 00:00 0 
70a70000-70bc6000 rwxp 70a70000 00:00 0 
70bc6000-70bd5000 rwxp 70bc6000 00:00 0 
70bd5000-70bff000 rwxp 70bd5000 00:00 0 
70bff000-71c00000 rwxp 70bff000 00:00 0 
71c00000-74c00000 rwxp 71c00000 00:00 0 
74c00000-82cd0000 rwxp 74c00000 00:00 0 
82cd0000-ada40000 rwxp 82cd0000 00:00 0 
ada40000-af650000 rwxp ada40000 00:00 0 
af650000-b4c00000 rwxp af650000 00:00 0 
b4c08000-b4c11000 rwxp b4c08000 00:00 0 
b4c11000-b4cc8000 rwxp b4c11000 00:00 0 
b4cc8000-b4f08000 rwxp b4cc8000 00:00 0 
b4f08000-b7cc8000 rwxp b4f08000 00:00 0 
b7cc8000-b7ceb000 r-xp 00000000 00:1a 12944373   /local/java/jre/lib/i386/libjava.so
b7ceb000-b7ced000 rwxp 00023000 00:1a 12944373   /local/java/jre/lib/i386/libjava.so
b7ced000-b7cf6000 r-xp 00000000 09:00 5063052    /lib/tls/libnss_files-2.3.6.so
b7cf6000-b7cf8000 rwxp 00008000 09:00 5063052    /lib/tls/libnss_files-2.3.6.so
b7cf8000-b7d00000 r-xp 00000000 09:00 5063054    /lib/tls/libnss_nis-2.3.6.so
b7d00000-b7d02000 rwxp 00007000 09:00 5063054    /lib/tls/libnss_nis-2.3.6.so
b7d02000-b7d09000 r-xp 00000000 09:00 5063050    /lib/tls/libnss_compat-2.3.6.so
b7d09000-b7d0b000 rwxp 00006000 09:00 5063050    /lib/tls/libnss_compat-2.3.6.so
b7d0c000-b7d1b000 r-xp 00000000 00:1a 12944375   /local/java/jre/lib/i386/libzip.so
b7d1b000-b7d1d000 rwxp 0000e000 00:1a 12944375   /local/java/jre/lib/i386/libzip.so
b7d1d000-b7d28000 r-xp 00000000 00:1a 12944372   /local/java/jre/lib/i386/libverify.so
b7d28000-b7d29000 rwxp 0000b000 00:1a 12944372   /local/java/jre/lib/i386/libverify.so
b7d29000-b7d31000 rwxs 00000000 09:00 819808     /tmp/hsperfdata_sidoneum/30921
b7d31000-b7d37000 r-xp 00000000 09:00 5063059    /lib/tls/librt-2.3.6.so
b7d37000-b7d39000 rwxp 00005000 09:00 5063059    /lib/tls/librt-2.3.6.so
b7d39000-b7d3c000 ---p b7d39000 00:00 0 
b7d3c000-b7d89000 rwxp b7d3c000 00:00 0 
b7d89000-b7dac000 r-xp 00000000 09:00 5063047    /lib/tls/libm-2.3.6.so
b7dac000-b7dae000 rwxp 00022000 09:00 5063047    /lib/tls/libm-2.3.6.so
b7dae000-b7daf000 rwxp b7dae000 00:00 0 
b7daf000-b7ed7000 r-xp 00000000 09:00 5062710    /lib/tls/libc-2.3.6.so
b7ed7000-b7edc000 r-xp 00127000 09:00 5062710    /lib/tls/libc-2.3.6.so
b7edc000-b7ede000 rwxp 0012c000 09:00 5062710    /lib/tls/libc-2.3.6.so
b7ede000-b7ee1000 rwxp b7ede000 00:00 0 
b7ee1000-b7ee3000 r-xp 00000000 09:00 5062754    /lib/tls/libdl-2.3.6.so
b7ee3000-b7ee5000 rwxp 00001000 09:00 5062754    /lib/tls/libdl-2.3.6.so
b7ee5000-b7eec000 r-xp 00000000 00:1a 12976918   /local/java/jre/lib/i386/jli/libjli.so
b7eec000-b7eee000 rwxp 00006000 00:1a 12976918   /local/java/jre/lib/i386/jli/libjli.so
b7eee000-b7efc000 r-xp 00000000 09:00 5063057    /lib/tls/libpthread-2.3.6.so
b7efc000-b7efe000 rwxp 0000d000 09:00 5063057    /lib/tls/libpthread-2.3.6.so
b7efe000-b7f01000 rwxp b7efe000 00:00 0 
b7f08000-b7f1a000 r-xp 00000000 09:00 5063049    /lib/tls/libnsl-2.3.6.so
b7f1a000-b7f1c000 rwxp 00011000 09:00 5063049    /lib/tls/libnsl-2.3.6.so
b7f1c000-b7f1e000 rwxp b7f1c000 00:00 0 
b7f1e000-b7f24000 r-xp 00000000 00:1a 12944359   /local/java/jre/lib/i386/native_threads/libhpi.so
b7f24000-b7f25000 rwxp 00006000 00:1a 12944359   /local/java/jre/lib/i386/native_threads/libhpi.so
b7f25000-b7f26000 rwxp b7f25000 00:00 0 
b7f26000-b7f27000 ---p b7f26000 00:00 0 
b7f27000-b7f29000 rwxp b7f27000 00:00 0 
b7f29000-b7f2a000 r-xp b7f29000 00:00 0          [vdso]
b7f2a000-b7f3f000 r-xp 00000000 09:00 720976     /lib/ld-2.3.6.so
b7f3f000-b7f41000 rwxp 00014000 09:00 720976     /lib/ld-2.3.6.so
bfa34000-bfa49000 rwxp bffeb000 00:00 0          [stack]

VM Arguments:
java_command: HeapImpl
Launcher Type: SUN_STANDARD

Environment Variables:
PATH=/usr/local/bin:/usr/bin:/bin:/usr/bin/X11:/usr/games
LD_LIBRARY_PATH=/local/java/jre/lib/i386/server:/local/java/jre/lib/i386:/local/java/jre/../lib/i386
SHELL=/local/bin/bash

Signal Handlers:
SIGSEGV: [libjvm.so+0x53c560], sa_mask[0]=0x7ffbfeff, sa_flags=0x10000004
SIGBUS: [libjvm.so+0x53c560], sa_mask[0]=0x7ffbfeff, sa_flags=0x10000004
SIGFPE: [libjvm.so+0x451a50], sa_mask[0]=0x7ffbfeff, sa_flags=0x10000004
SIGPIPE: [libjvm.so+0x451a50], sa_mask[0]=0x7ffbfeff, sa_flags=0x10000004
SIGILL: [libjvm.so+0x451a50], sa_mask[0]=0x7ffbfeff, sa_flags=0x10000004
SIGUSR1: SIG_DFL, sa_mask[0]=0x00000000, sa_flags=0x00000000
SIGUSR2: [libjvm.so+0x453a80], sa_mask[0]=0x00000000, sa_flags=0x10000004
SIGHUP: [libjvm.so+0x4534a0], sa_mask[0]=0x7ffbfeff, sa_flags=0x10000004
SIGINT: [libjvm.so+0x4534a0], sa_mask[0]=0x7ffbfeff, sa_flags=0x10000004
SIGQUIT: [libjvm.so+0x4534a0], sa_mask[0]=0x7ffbfeff, sa_flags=0x10000004
SIGTERM: [libjvm.so+0x4534a0], sa_mask[0]=0x7ffbfeff, sa_flags=0x10000004
SIGUSR2: [libjvm.so+0x453a80], sa_mask[0]=0x00000000, sa_flags=0x10000004


---------------  S Y S T E M  ---------------

OS:4.0

uname:Linux 2.6.23.8 #6 SMP Fri Dec 14 16:18:17 CET 2007 i686
libc:glibc 2.3.6 NPTL 2.3.6 
rlimit: STACK 8192k, CORE 0k, NPROC 400, NOFILE 1024, AS infinity
load average:6.16 6.93 7.80

CPU:total 2 (1 cores per cpu, 1 threads per core) family 15 model 5 stepping 10, cmov, cx8, fxsr, mmx, sse, sse2, mmxext, 3dnow, 3dnowext

Memory: 4k page, physical 16570224k(4063112k free), swap 0k(0k free)

vm_info: Java HotSpot(TM) Server VM (1.6.0_03-b05) for linux-x86, built on Sep 24 2007 22:32:39 by "java_re" with gcc 3.2.1-7a (J2SE release)

